00:36:06:027  INFO 7496 --- [com.alibaba.nacos.client.remote.worker] com.alibaba.nacos.common.remote.client   : [b81ec5f8-0cb9-4931-9e17-c0ea3d735cb7] Server healthy check fail, currentConnection = 1747670149024_192.168.100.1_49169
00:36:06:030  INFO 7496 --- [com.alibaba.nacos.client.remote.worker] com.alibaba.nacos.common.remote.client   : [b81ec5f8-0cb9-4931-9e17-c0ea3d735cb7] Try to reconnect to a new server, server is  not appointed, will choose a random server.
00:36:07:185  INFO 7496 --- [com.alibaba.nacos.client.remote.worker] com.alibaba.nacos.common.remote.client   : [b81ec5f8-0cb9-4931-9e17-c0ea3d735cb7] Success to connect a server [192.168.100.130:8848], connectionId = 1747672568121_192.168.100.1_50498
00:36:07:185  INFO 7496 --- [com.alibaba.nacos.client.remote.worker] com.alibaba.nacos.common.remote.client   : [b81ec5f8-0cb9-4931-9e17-c0ea3d735cb7] Abandon prev connection, server is 192.168.100.130:8848, connectionId is 1747670149024_192.168.100.1_49169
00:36:07:186  INFO 7496 --- [com.alibaba.nacos.client.remote.worker] com.alibaba.nacos.common.remote.client   : Close current connection 1747670149024_192.168.100.1_49169
00:36:07:187  INFO 7496 --- [com.alibaba.nacos.client.remote.worker] com.alibaba.nacos.common.remote.client   : [b81ec5f8-0cb9-4931-9e17-c0ea3d735cb7] Notify disconnected event to listeners
00:36:07:188  INFO 7496 --- [com.alibaba.nacos.client.remote.worker] com.alibaba.nacos.common.remote.client   : [b81ec5f8-0cb9-4931-9e17-c0ea3d735cb7] Notify connected event to listeners.
00:36:07:188  WARN 7496 --- [nacos-grpc-client-executor-962] c.a.n.c.remote.client.grpc.GrpcClient    : [1747670149024_192.168.100.1_49169]Ignore error event,isRunning:true,isAbandon=true
00:36:07:729  INFO 7496 --- [nacos-grpc-client-executor-965] com.alibaba.nacos.common.remote.client   : [b81ec5f8-0cb9-4931-9e17-c0ea3d735cb7] Receive server push request, request = NotifySubscriberRequest, requestId = 16
00:36:07:729  INFO 7496 --- [nacos-grpc-client-executor-965] com.alibaba.nacos.common.remote.client   : [b81ec5f8-0cb9-4931-9e17-c0ea3d735cb7] Ack server push request, request = NotifySubscriberRequest, requestId = 16
09:48:37:057  INFO 7496 --- [http-nio-8084-exec-1] o.a.c.c.C.[Tomcat].[localhost].[/]       : Initializing Spring DispatcherServlet 'dispatcherServlet'
09:48:37:057  INFO 7496 --- [http-nio-8084-exec-1] o.s.web.servlet.DispatcherServlet        : Initializing Servlet 'dispatcherServlet'
09:48:37:067  INFO 7496 --- [http-nio-8084-exec-1] o.s.web.servlet.DispatcherServlet        : Completed initialization in 9 ms
09:49:35:277  WARN 7496 --- [Thread-4] c.a.nacos.common.notify.NotifyCenter     : [NotifyCenter] Start destroying Publisher
09:49:35:277  WARN 7496 --- [Thread-7] c.a.n.common.http.HttpClientBeanHolder   : [HttpClientBeanHolder] Start destroying common HttpClient
09:49:35:277  WARN 7496 --- [Thread-4] c.a.nacos.common.notify.NotifyCenter     : [NotifyCenter] Destruction of the end
09:49:35:278  WARN 7496 --- [Thread-7] c.a.n.common.http.HttpClientBeanHolder   : [HttpClientBeanHolder] Destruction of the end
09:49:35:475  INFO 7496 --- [SpringApplicationShutdownHook] c.a.c.n.registry.NacosServiceRegistry    : De-registering from Nacos Server now...
09:49:35:478  INFO 7496 --- [SpringApplicationShutdownHook] c.a.c.n.registry.NacosServiceRegistry    : De-registration finished.
09:49:35:797  INFO 7496 --- [SpringApplicationShutdownHook] com.alibaba.nacos.common.remote.client   : Shutdown rpc client, set status to shutdown
09:49:35:797  INFO 7496 --- [SpringApplicationShutdownHook] com.alibaba.nacos.common.remote.client   : Shutdown client event executor java.util.concurrent.ScheduledThreadPoolExecutor@9cd2a0f[Running, pool size = 2, active threads = 2, queued tasks = 0, completed tasks = 0]
09:49:35:797  INFO 7496 --- [SpringApplicationShutdownHook] com.alibaba.nacos.common.remote.client   : Close current connection 1747672568121_192.168.100.1_50498
09:49:35:798  INFO 7496 --- [SpringApplicationShutdownHook] c.a.n.c.remote.client.grpc.GrpcClient    : Shutdown grpc executor java.util.concurrent.ThreadPoolExecutor@6d58af01[Running, pool size = 4, active threads = 0, queued tasks = 0, completed tasks = 7611]
09:49:39:496  INFO 35784 --- [main] com.hmall.user.UserApplication           : Starting UserApplication using Java 11.0.26 on donKKKK with PID 35784 (D:\develop\code\hmall\user-servie\target\classes started by 25188 in D:\develop\code\hmall)
09:49:39:497 DEBUG 35784 --- [main] com.hmall.user.UserApplication           : Running with Spring Boot v2.7.12, Spring v5.3.27
09:49:39:497  INFO 35784 --- [main] com.hmall.user.UserApplication           : The following 1 profile is active: "local"
09:49:40:056  INFO 35784 --- [main] o.s.cloud.context.scope.GenericScope     : BeanFactory id=7a2e5f99-7362-302e-8e84-f62e399b2ba8
09:49:40:296  INFO 35784 --- [main] o.s.b.w.embedded.tomcat.TomcatWebServer  : Tomcat initialized with port(s): 8084 (http)
09:49:40:305  INFO 35784 --- [main] o.apache.catalina.core.StandardService   : Starting service [Tomcat]
09:49:40:305  INFO 35784 --- [main] org.apache.catalina.core.StandardEngine  : Starting Servlet engine: [Apache Tomcat/9.0.75]
09:49:40:404  INFO 35784 --- [main] o.a.c.c.C.[Tomcat].[localhost].[/]       : Initializing Spring embedded WebApplicationContext
09:49:40:404  INFO 35784 --- [main] w.s.c.ServletWebServerApplicationContext : Root WebApplicationContext: initialization completed in 889 ms
09:49:42:056  INFO 35784 --- [main] pertySourcedRequestMappingHandlerMapping : Mapped URL path [/v2/api-docs] onto method [springfox.documentation.swagger2.web.Swagger2ControllerWebMvc#getDocumentation(String, HttpServletRequest)]
09:49:42:577  INFO 35784 --- [main] com.alibaba.nacos.common.remote.client   : [RpcClientFactory] create a new rpc client of f80f2786-28c0-4fd8-a3b5-d4dec969762a
09:49:42:614  INFO 35784 --- [main] org.reflections.Reflections              : Reflections took 24 ms to scan 1 urls, producing 3 keys and 6 values 
09:49:42:641  INFO 35784 --- [main] org.reflections.Reflections              : Reflections took 13 ms to scan 1 urls, producing 4 keys and 9 values 
09:49:42:656  INFO 35784 --- [main] org.reflections.Reflections              : Reflections took 14 ms to scan 1 urls, producing 3 keys and 10 values 
09:49:42:658  WARN 35784 --- [main] org.reflections.Reflections              : given scan urls are empty. set urls in the configuration
09:49:42:674  INFO 35784 --- [main] org.reflections.Reflections              : Reflections took 15 ms to scan 1 urls, producing 1 keys and 5 values 
09:49:42:689  INFO 35784 --- [main] org.reflections.Reflections              : Reflections took 13 ms to scan 1 urls, producing 1 keys and 7 values 
09:49:42:703  INFO 35784 --- [main] org.reflections.Reflections              : Reflections took 12 ms to scan 1 urls, producing 2 keys and 8 values 
09:49:42:706  WARN 35784 --- [main] org.reflections.Reflections              : given scan urls are empty. set urls in the configuration
09:49:42:706  INFO 35784 --- [main] com.alibaba.nacos.common.remote.client   : [f80f2786-28c0-4fd8-a3b5-d4dec969762a] RpcClient init label, labels = {module=naming, source=sdk}
09:49:42:708  INFO 35784 --- [main] com.alibaba.nacos.common.remote.client   : [f80f2786-28c0-4fd8-a3b5-d4dec969762a] RpcClient init, ServerListFactory = com.alibaba.nacos.client.naming.core.ServerListManager
09:49:42:708  INFO 35784 --- [main] com.alibaba.nacos.common.remote.client   : [f80f2786-28c0-4fd8-a3b5-d4dec969762a] Registry connection listener to current client:com.alibaba.nacos.client.naming.remote.gprc.redo.NamingGrpcRedoService
09:49:42:709  INFO 35784 --- [main] com.alibaba.nacos.common.remote.client   : [f80f2786-28c0-4fd8-a3b5-d4dec969762a] Register server push request handler:com.alibaba.nacos.client.naming.remote.gprc.NamingPushRequestHandler
09:49:42:713  INFO 35784 --- [main] com.alibaba.nacos.common.remote.client   : [f80f2786-28c0-4fd8-a3b5-d4dec969762a] Try to connect to server on start up, server: {serverIp = '192.168.100.130', server main port = 8848}
09:49:43:822  INFO 35784 --- [main] com.alibaba.nacos.common.remote.client   : [f80f2786-28c0-4fd8-a3b5-d4dec969762a] Success to connect to server [192.168.100.130:8848] on start up, connectionId = 1747705785100_192.168.100.1_59846
09:49:43:823  INFO 35784 --- [com.alibaba.nacos.client.remote.worker] com.alibaba.nacos.common.remote.client   : [f80f2786-28c0-4fd8-a3b5-d4dec969762a] Notify connected event to listeners.
09:49:43:824  INFO 35784 --- [main] com.alibaba.nacos.common.remote.client   : [f80f2786-28c0-4fd8-a3b5-d4dec969762a] Register server push request handler:com.alibaba.nacos.common.remote.client.RpcClient$ConnectResetRequestHandler
09:49:43:826  INFO 35784 --- [main] com.alibaba.nacos.common.remote.client   : [f80f2786-28c0-4fd8-a3b5-d4dec969762a] Register server push request handler:com.alibaba.nacos.common.remote.client.RpcClient$$Lambda$958/0x00000008006fc040
09:49:43:858  INFO 35784 --- [main] o.s.b.w.embedded.tomcat.TomcatWebServer  : Tomcat started on port(s): 8084 (http) with context path ''
09:49:43:864  INFO 35784 --- [main] c.a.c.n.registry.NacosServiceRegistry    : nacos registry, DEFAULT_GROUP user-service 192.168.146.1:8084 register finished
09:49:44:133  INFO 35784 --- [main] d.s.w.p.DocumentationPluginsBootstrapper : Documentation plugins bootstrapped
09:49:44:135  INFO 35784 --- [main] d.s.w.p.DocumentationPluginsBootstrapper : Found 1 custom documentation plugin(s)
09:49:44:147  INFO 35784 --- [main] s.d.s.w.s.ApiListingReferenceScanner     : Scanning for api listing references
09:49:44:207  INFO 35784 --- [main] com.hmall.user.UserApplication           : Started UserApplication in 5.377 seconds (JVM running for 6.042)
09:49:44:406  INFO 35784 --- [nacos-grpc-client-executor-9] com.alibaba.nacos.common.remote.client   : [f80f2786-28c0-4fd8-a3b5-d4dec969762a] Receive server push request, request = NotifySubscriberRequest, requestId = 22
09:49:44:408  INFO 35784 --- [nacos-grpc-client-executor-9] com.alibaba.nacos.common.remote.client   : [f80f2786-28c0-4fd8-a3b5-d4dec969762a] Ack server push request, request = NotifySubscriberRequest, requestId = 22
09:49:47:722  INFO 35784 --- [http-nio-8084-exec-1] o.a.c.c.C.[Tomcat].[localhost].[/]       : Initializing Spring DispatcherServlet 'dispatcherServlet'
09:49:47:722  INFO 35784 --- [http-nio-8084-exec-1] o.s.web.servlet.DispatcherServlet        : Initializing Servlet 'dispatcherServlet'
09:49:47:723  INFO 35784 --- [http-nio-8084-exec-1] o.s.web.servlet.DispatcherServlet        : Completed initialization in 1 ms
09:51:33:789  INFO 35784 --- [http-nio-8084-exec-10] com.zaxxer.hikari.HikariDataSource       : HikariPool-1 - Starting...
09:51:34:088  INFO 35784 --- [http-nio-8084-exec-10] com.zaxxer.hikari.HikariDataSource       : HikariPool-1 - Start completed.
09:51:34:095 DEBUG 35784 --- [http-nio-8084-exec-10] c.h.user.mapper.UserMapper.selectOne     : ==>  Preparing: SELECT id,username,password,phone,create_time,update_time,status,balance FROM user WHERE (username = ?)
09:51:34:115 DEBUG 35784 --- [http-nio-8084-exec-10] c.h.user.mapper.UserMapper.selectOne     : ==> Parameters: jack(String)
09:51:34:140 DEBUG 35784 --- [http-nio-8084-exec-10] c.h.user.mapper.UserMapper.selectOne     : <==      Total: 1
10:31:13:299  WARN 35784 --- [Thread-4] c.a.nacos.common.notify.NotifyCenter     : [NotifyCenter] Start destroying Publisher
10:31:13:299  WARN 35784 --- [Thread-7] c.a.n.common.http.HttpClientBeanHolder   : [HttpClientBeanHolder] Start destroying common HttpClient
10:31:13:299  WARN 35784 --- [Thread-4] c.a.nacos.common.notify.NotifyCenter     : [NotifyCenter] Destruction of the end
10:31:13:300  WARN 35784 --- [Thread-7] c.a.n.common.http.HttpClientBeanHolder   : [HttpClientBeanHolder] Destruction of the end
10:31:13:797  INFO 35784 --- [SpringApplicationShutdownHook] c.a.c.n.registry.NacosServiceRegistry    : De-registering from Nacos Server now...
10:31:13:807  INFO 35784 --- [SpringApplicationShutdownHook] c.a.c.n.registry.NacosServiceRegistry    : De-registration finished.
10:31:14:125  INFO 35784 --- [SpringApplicationShutdownHook] com.alibaba.nacos.common.remote.client   : Shutdown rpc client, set status to shutdown
10:31:14:125  INFO 35784 --- [SpringApplicationShutdownHook] com.alibaba.nacos.common.remote.client   : Shutdown client event executor java.util.concurrent.ScheduledThreadPoolExecutor@1e767cf3[Running, pool size = 2, active threads = 2, queued tasks = 0, completed tasks = 0]
10:31:14:125  INFO 35784 --- [SpringApplicationShutdownHook] com.alibaba.nacos.common.remote.client   : Close current connection 1747705785100_192.168.100.1_59846
10:31:14:128  INFO 35784 --- [SpringApplicationShutdownHook] c.a.n.c.remote.client.grpc.GrpcClient    : Shutdown grpc executor java.util.concurrent.ThreadPoolExecutor@4d44bb51[Running, pool size = 4, active threads = 0, queued tasks = 0, completed tasks = 517]
10:31:14:129  INFO 35784 --- [SpringApplicationShutdownHook] com.zaxxer.hikari.HikariDataSource       : HikariPool-1 - Shutdown initiated...
10:31:14:150  INFO 35784 --- [SpringApplicationShutdownHook] com.zaxxer.hikari.HikariDataSource       : HikariPool-1 - Shutdown completed.
